TN:
SF:script/Counter.s.sol
FN:7,CounterScript.setUp
FNDA:0,CounterScript.setUp
FN:9,CounterScript.run
FNDA:0,CounterScript.run
DA:10,0
FNF:2
FNH:0
LF:1
LH:0
BRF:0
BRH:0
end_of_record
TN:
SF:src/StakeManager.sol
FN:226,Cast.u128
FNDA:0,Cast.u128
DA:227,0
BRDA:227,0,0,-
BRDA:227,0,1,-
DA:228,0
FN:73,StakeManager.initialize
FNDA:11,StakeManager.initialize
DA:80,11
DA:81,11
DA:82,11
DA:83,11
DA:84,11
DA:85,11
DA:86,11
DA:87,11
DA:88,11
FN:96,StakeManager.setConfiguration
FNDA:520,StakeManager.setConfiguration
DA:101,519
DA:102,519
FN:108,StakeManager.register
FNDA:518,StakeManager.register
DA:109,518
BRDA:109,0,0,-
BRDA:109,0,1,518
DA:110,518
BRDA:110,1,0,-
BRDA:110,1,1,518
DA:111,518
DA:112,518
FN:118,StakeManager.unregister
FNDA:2,StakeManager.unregister
DA:119,2
BRDA:119,2,0,-
BRDA:119,2,1,2
DA:120,0
DA:122,2
DA:123,2
BRDA:123,3,0,-
BRDA:123,3,1,2
DA:124,2
DA:125,2
FN:131,StakeManager.stake
FNDA:516,StakeManager.stake
DA:132,516
BRDA:132,4,0,-
BRDA:132,4,1,516
DA:133,0
DA:135,516
DA:136,516
BRDA:136,5,0,-
BRDA:136,5,1,516
DA:137,516
DA:138,516
DA:139,516
DA:140,516
FN:146,StakeManager.unstake
FNDA:257,StakeManager.unstake
DA:147,259
DA:150,259
BRDA:150,6,0,-
BRDA:150,6,1,259
DA:152,259
BRDA:152,7,0,-
BRDA:152,7,1,259
DA:154,259
DA:156,259
DA:158,259
DA:159,259
BRDA:159,8,0,-
BRDA:159,8,1,259
DA:160,259
FN:163,StakeManager.claimRewards
FNDA:512,StakeManager.claimRewards
DA:164,512
DA:165,512
DA:166,512
BRDA:166,9,0,-
BRDA:166,9,1,512
DA:167,512
BRDA:167,10,0,-
BRDA:167,10,1,512
DA:170,512
DA:171,512
BRDA:171,11,0,256
BRDA:171,11,1,512
DA:172,256
DA:173,256
DA:176,512
DA:177,512
DA:178,512
DA:179,512
FN:187,StakeManager.slash
FNDA:1,StakeManager.slash
DA:188,1
BRDA:188,12,0,-
BRDA:188,12,1,1
DA:189,1
DA:190,1
FN:193,StakeManager._ethToRewards
FNDA:516,StakeManager._ethToRewards
DA:194,516
DA:195,516
DA:196,516
BRDA:196,13,0,-
BRDA:196,13,1,516
DA:197,0
DA:199,516
FN:202,StakeManager._ethToRewards
FNDA:0,StakeManager._ethToRewards
DA:203,0
DA:204,0
DA:205,0
BRDA:205,14,0,-
BRDA:205,14,1,-
DA:206,0
DA:208,0
FN:211,StakeManager._rewardsToEth
FNDA:0,StakeManager._rewardsToEth
DA:212,0
DA:213,0
DA:214,0
FN:217,StakeManager._calculateRewards
FNDA:1804,StakeManager._calculateRewards
DA:218,1804
DA:219,1804
FN:222,StakeManager._authorizeUpgrade
FNDA:1,StakeManager._authorizeUpgrade
FNF:14
FNH:11
LF:69
LH:56
BRF:32
BRH:15
end_of_record
TN:
SF:src/stETH.sol
FN:21,stETH.mint
FNDA:1028,stETH.mint
DA:22,1028
FN:25,stETH.burn
FNDA:259,stETH.burn
DA:26,259
FN:29,stETH.transferOwnership
FNDA:11,stETH.transferOwnership
DA:30,11
DA:31,11
FNF:3
FNH:3
LF:4
LH:4
BRF:0
BRH:0
end_of_record
TN:
SF:test/StakeManagerTest.t.sol
FN:217,ProxyFactory.deployERC1967
FNDA:11,ProxyFactory.deployERC1967
DA:218,11
FNF:1
FNH:1
LF:1
LH:1
BRF:0
BRH:0
end_of_record
